2024-10-21 19:36:05 [INFO]: Connected to MongoDB
2024-10-21 19:36:05 [INFO]: Server is running on port 3000
2024-10-21 19:37:11 [INFO]: Connected to MongoDB
2024-10-21 19:37:11 [INFO]: Server is running on port 3000
2024-10-21 19:37:30 [INFO]: Fetched list of projects.
2024-10-21 19:37:30 [INFO]: Fetched list of projects.
2024-10-21 19:44:44 [INFO]: Connected to MongoDB
2024-10-21 19:44:44 [INFO]: Server is running on port 3000
2024-10-21 19:49:55 [INFO]: Connected to MongoDB
2024-10-21 19:49:55 [INFO]: Server is running on port 3000
2024-10-21 19:51:11 [INFO]: Connected to MongoDB
2024-10-21 19:51:11 [INFO]: Server is running on port 3000
2024-10-21 19:53:54 [INFO]: Fetched list of projects.
2024-10-21 19:53:54 [INFO]: Fetched list of projects.
2024-10-21 19:54:43 [INFO]: Fetched list of projects.
2024-10-21 19:54:43 [INFO]: Fetched list of projects.
2024-10-21 19:56:03 [INFO]: Fetched list of projects.
2024-10-21 19:56:03 [INFO]: Fetched list of projects.
2024-10-21 19:56:09 [INFO]: Fetched list of projects.
2024-10-21 19:56:09 [INFO]: Fetched list of projects.
2024-10-21 19:56:10 [INFO]: Fetched list of projects.
2024-10-21 19:56:10 [INFO]: Fetched list of projects.
2024-10-21 19:56:10 [INFO]: Fetched list of projects.
2024-10-21 19:56:10 [INFO]: Fetched list of projects.
2024-10-21 20:00:50 [INFO]: Fetched list of projects.
2024-10-21 20:00:50 [INFO]: Fetched list of projects.
2024-10-21 20:00:50 [INFO]: Fetched list of projects.
2024-10-21 20:00:50 [INFO]: Fetched list of projects.
2024-10-21 20:01:20 [INFO]: Fetched list of projects.
2024-10-21 20:01:20 [INFO]: Fetched list of projects.
2024-10-21 20:06:43 [INFO]: Connected to MongoDB
2024-10-21 20:06:43 [INFO]: Server is running on port 3000
2024-10-21 20:14:13 [INFO]: Fetched list of projects.
2024-10-21 20:14:13 [INFO]: Fetched list of projects.
2024-10-21 20:15:26 [INFO]: Fetched list of projects.
2024-10-21 20:15:26 [INFO]: Fetched list of projects.
2024-10-21 20:19:25 [INFO]: Fetched list of projects.
2024-10-21 20:19:25 [INFO]: Fetched list of projects.
2024-10-21 20:20:50 [INFO]: Fetched list of projects.
2024-10-21 20:20:50 [INFO]: Fetched list of projects.
2024-10-21 20:20:52 [INFO]: Fetched list of projects.
2024-10-21 20:20:52 [INFO]: Fetched list of projects.
2024-10-21 20:22:17 [INFO]: Fetched list of projects.
2024-10-21 20:22:17 [INFO]: Fetched list of projects.
2024-10-21 20:22:22 [INFO]: Fetched list of projects.
2024-10-21 20:22:22 [INFO]: Fetched list of projects.
2024-10-21 20:28:53 [INFO]: Fetched list of projects.
2024-10-21 20:28:53 [INFO]: Fetched list of projects.
2024-10-21 20:31:14 [INFO]: User "cheik" registered successfully.
2024-10-21 20:31:20 [INFO]: User "cheik" logged in successfully.
2024-10-21 20:32:00 [INFO]: Fetched list of projects.
2024-10-21 20:32:00 [INFO]: Fetched list of projects.
2024-10-21 20:32:39 [INFO]: User "cheik" logged in successfully.
2024-10-21 20:32:42 [INFO]: Fetched list of projects.
2024-10-21 20:32:42 [INFO]: Fetched list of projects.
2024-10-21 20:32:49 [INFO]: User "cheik" logged in successfully.
2024-10-21 20:34:20 [INFO]: Fetched list of projects.
2024-10-21 20:34:20 [INFO]: Fetched list of projects.
2024-10-21 20:34:22 [INFO]: Fetched list of projects.
2024-10-21 20:34:22 [INFO]: Fetched list of projects.
2024-10-21 20:34:28 [INFO]: User "cheik" logged in successfully.
2024-10-21 20:38:04 [INFO]: Connected to MongoDB
2024-10-21 20:38:04 [INFO]: Server is running on port 3000
2024-10-21 20:40:08 [INFO]: Connected to MongoDB
2024-10-21 20:40:08 [INFO]: Server is running on port 3000
2024-10-21 20:48:42 [INFO]: Fetched list of projects.
2024-10-21 20:48:42 [INFO]: Fetched list of projects.
2024-10-21 20:48:58 [INFO]: Fetched list of projects.
2024-10-21 20:49:17 [INFO]: Fetched list of projects.
2024-10-21 20:49:17 [INFO]: Fetched list of projects.
2024-10-21 20:49:18 [INFO]: Fetched list of projects.
2024-10-21 20:49:18 [INFO]: Fetched list of projects.
2024-10-21 20:50:56 [INFO]: Fetched list of projects.
2024-10-21 20:50:58 [INFO]: Fetched list of projects.
2024-10-21 20:50:58 [INFO]: Fetched list of projects.
2024-10-21 20:53:56 [INFO]: Connected to MongoDB
2024-10-21 20:53:56 [INFO]: Server is running on port 3000
2024-10-21 20:54:00 [INFO]: Cloning new project: my-low-code
2024-10-21 20:54:03 [INFO]: Git clone successful: 
2024-10-21 20:54:03 [INFO]: New project created in database: my-low-code
2024-10-21 20:54:03 [INFO]: Fetched list of projects.
2024-10-21 20:54:03 [INFO]: Fetched list of projects.
2024-10-21 20:54:17 [INFO]: Fetched list of projects.
2024-10-21 20:54:17 [INFO]: Fetched list of projects.
2024-10-21 20:54:22 [WARN]: Git pull attempt without repository URL
2024-10-21 20:54:31 [INFO]: Fetched list of projects.
2024-10-21 20:54:31 [INFO]: Fetched list of projects.
2024-10-21 20:54:58 [INFO]: Pulling updates for existing project: my-low-code
2024-10-21 20:54:59 [INFO]: Git pull successful: Déjà à jour.

2024-10-21 20:54:59 [INFO]: Fetched list of projects.
2024-10-21 20:54:59 [INFO]: Fetched list of projects.
2024-10-21 20:55:02 [INFO]: Fetched list of projects.
2024-10-21 20:55:02 [INFO]: Fetched list of projects.
2024-10-21 20:55:10 [WARN]: Git pull attempt without repository URL
2024-10-21 20:55:29 [INFO]: Fetched list of projects.
2024-10-21 20:55:29 [INFO]: Fetched list of projects.
2024-10-21 21:12:30 [INFO]: Connected to MongoDB
2024-10-21 21:12:30 [INFO]: Server is running on port 3000
2024-10-21 21:25:26 [INFO]: Fetched list of projects.
2024-10-21 21:25:26 [INFO]: Fetched list of projects.
2024-10-21 21:25:26 [INFO]: Fetched list of projects.
2024-10-21 21:25:26 [INFO]: Fetched list of projects.
2024-10-21 21:25:30 [INFO]: Fetched list of projects.
2024-10-21 21:25:30 [INFO]: Fetched list of projects.
2024-10-21 21:25:30 [INFO]: Fetched list of projects.
2024-10-21 21:25:30 [INFO]: Fetched list of projects.
2024-10-21 21:25:42 [INFO]: Fetched list of projects.
2024-10-21 21:25:42 [INFO]: Fetched list of projects.
2024-10-21 21:25:42 [INFO]: Fetched list of projects.
2024-10-21 21:25:42 [INFO]: Fetched list of projects.
2024-10-21 21:26:18 [WARN]: Git pull attempt without repository URL
2024-10-21 21:51:10 [INFO]: Fetched list of projects.
2024-10-21 21:51:10 [INFO]: Fetched list of projects.
2024-10-21 21:51:10 [INFO]: Fetched list of projects.
2024-10-21 21:51:10 [INFO]: Fetched list of projects.
2024-10-21 21:51:16 [INFO]: Fetched list of projects.
2024-10-21 21:51:16 [INFO]: Fetched list of projects.
2024-10-21 21:51:16 [INFO]: Fetched list of projects.
2024-10-21 21:51:16 [INFO]: Fetched list of projects.
2024-10-21 21:51:57 [INFO]: Fetched list of projects.
2024-10-21 21:51:57 [INFO]: Fetched list of projects.
2024-10-21 21:51:57 [INFO]: Fetched list of projects.
2024-10-21 21:51:57 [INFO]: Fetched list of projects.
2024-10-21 21:55:15 [INFO]: Fetched list of projects.
2024-10-21 21:55:15 [INFO]: Fetched list of projects.
2024-10-21 21:55:16 [INFO]: Fetched list of projects.
2024-10-21 22:10:39 [INFO]: Fetched list of projects.
2024-10-21 22:10:39 [INFO]: Fetched list of projects.
2024-10-21 22:10:39 [INFO]: Fetched list of projects.
2024-10-21 22:10:39 [INFO]: Fetched list of projects.
2024-10-21 22:11:20 [INFO]: Fetched list of projects.
2024-10-21 22:11:20 [INFO]: Fetched list of projects.
2024-10-21 22:11:20 [INFO]: Fetched list of projects.
2024-10-21 22:11:20 [INFO]: Fetched list of projects.
2024-10-21 22:12:40 [INFO]: Fetched list of projects.
2024-10-21 22:12:40 [INFO]: Fetched list of projects.
2024-10-21 22:20:22 [INFO]: Fetched list of projects.
2024-10-21 22:20:23 [INFO]: Fetched list of projects.
2024-10-21 22:21:18 [INFO]: Fetched list of projects.
2024-10-21 22:21:19 [INFO]: Fetched list of projects.
2024-10-21 22:21:21 [INFO]: Fetched list of projects.
2024-10-21 22:21:21 [INFO]: Fetched list of projects.
2024-10-21 22:21:44 [INFO]: Fetched list of projects.
2024-10-21 22:21:44 [INFO]: Fetched list of projects.
2024-10-21 22:21:45 [INFO]: Fetched list of projects.
2024-10-21 22:21:45 [INFO]: Fetched list of projects.
2024-10-21 22:21:56 [INFO]: Fetched list of projects.
2024-10-21 22:21:56 [INFO]: Fetched list of projects.
2024-10-21 22:23:41 [INFO]: Fetched list of projects.
2024-10-21 22:23:41 [INFO]: Fetched list of projects.
2024-10-21 22:23:41 [INFO]: Fetched list of projects.
2024-10-21 22:23:41 [INFO]: Fetched list of projects.
2024-10-21 22:31:21 [INFO]: Fetched list of projects.
2024-10-21 22:31:21 [INFO]: Fetched list of projects.
2024-10-21 22:31:21 [INFO]: Fetched list of projects.
2024-10-21 22:31:21 [INFO]: Fetched list of projects.
2024-10-21 22:31:36 [INFO]: Fetched list of projects.
2024-10-21 22:31:36 [INFO]: Fetched list of projects.
2024-10-21 22:31:43 [INFO]: Fetched list of projects.
2024-10-21 22:31:44 [INFO]: Fetched list of projects.
2024-10-21 22:31:44 [INFO]: Fetched list of projects.
2024-10-21 22:31:44 [INFO]: Fetched list of projects.
2024-10-21 22:31:53 [INFO]: Fetched list of projects.
2024-10-21 22:31:53 [INFO]: Fetched list of projects.
2024-10-21 22:32:03 [INFO]: Fetched list of projects.
2024-10-21 22:32:03 [INFO]: Fetched list of projects.
2024-10-21 22:32:31 [INFO]: Fetched list of projects.
2024-10-21 22:32:31 [INFO]: Fetched list of projects.
2024-10-21 22:35:10 [INFO]: Fetched list of projects.
2024-10-21 22:35:10 [INFO]: Fetched list of projects.
2024-10-21 22:35:42 [INFO]: Git pull successful: Déjà à jour.

2024-10-21 22:35:42 [INFO]: New project created in database: my-low-code
2024-10-21 22:35:42 [INFO]: Fetched list of projects.
2024-10-21 22:36:09 [INFO]: Fetched list of projects.
2024-10-21 22:36:09 [INFO]: Fetched list of projects.
2024-10-21 22:36:34 [INFO]: Fetched list of projects.
2024-10-21 22:36:34 [INFO]: Fetched list of projects.
2024-10-21 22:37:04 [INFO]: Fetched list of projects.
2024-10-21 22:37:04 [INFO]: Fetched list of projects.
2024-10-21 22:37:23 [INFO]: Fetched list of projects.
2024-10-21 22:37:23 [INFO]: Fetched list of projects.
2024-10-21 22:38:35 [INFO]: Fetched list of projects.
2024-10-21 22:38:35 [INFO]: Fetched list of projects.
2024-10-21 22:38:45 [INFO]: Fetched list of projects.
2024-10-21 22:38:45 [INFO]: Fetched list of projects.
2024-10-21 22:39:40 [INFO]: Fetched list of projects.
2024-10-21 22:39:40 [INFO]: Fetched list of projects.
2024-10-21 22:40:19 [INFO]: Fetched list of projects.
2024-10-21 22:40:19 [INFO]: Fetched list of projects.
2024-10-21 22:40:27 [INFO]: Fetched list of projects.
2024-10-21 22:40:27 [INFO]: Fetched list of projects.
2024-10-21 22:41:53 [INFO]: Fetched list of projects.
2024-10-21 22:41:53 [INFO]: Fetched list of projects.
2024-10-21 22:42:44 [INFO]: Fetched list of projects.
2024-10-21 22:42:44 [INFO]: Fetched list of projects.
2024-10-21 22:42:56 [INFO]: Fetched list of projects.
2024-10-21 22:42:56 [INFO]: Fetched list of projects.
2024-10-21 22:43:40 [INFO]: Fetched list of projects.
2024-10-21 22:43:40 [INFO]: Fetched list of projects.
2024-10-21 22:44:33 [INFO]: Project deleted: my-low-code
2024-10-21 22:44:33 [INFO]: Fetched list of projects.
2024-10-21 22:45:01 [INFO]: Git clone successful: 
2024-10-21 22:45:01 [INFO]: New project created in database: my-low-code
2024-10-21 22:45:01 [INFO]: Fetched list of projects.
2024-10-21 22:45:38 [INFO]: Fetched list of projects.
2024-10-21 22:45:38 [INFO]: Fetched list of projects.
2024-10-21 23:00:38 [INFO]: Connected to MongoDB
2024-10-21 23:00:38 [INFO]: Server is running on port 3000
2024-10-21 23:00:49 [INFO]: Fetched list of projects.
2024-10-21 23:00:49 [INFO]: Fetched list of projects.
2024-10-21 23:00:54 [INFO]: Attempting to delete project: my-low-code
2024-10-21 23:00:54 [INFO]: Project "my-low-code" deleted from database.
2024-10-21 23:00:54 [INFO]: Associated nodes and edges deleted for project "my-low-code".
2024-10-21 23:00:54 [INFO]: Project path to delete: /Users/cheikkone49/Projet/my-low-code-app/backend/src/projects/my-low-code
2024-10-21 23:00:54 [INFO]: Project directory "/Users/cheikkone49/Projet/my-low-code-app/backend/src/projects/my-low-code" deleted successfully.
2024-10-21 23:00:54 [INFO]: Fetched list of projects.
2024-10-21 23:01:19 [INFO]: Git clone réussi: https://github.com/nekocheik/my-low-code dans /Users/cheikkone49/Projet/my-low-code-app/backend/src/projects/my-low-code
2024-10-21 23:01:19 [INFO]: Nouveau projet créé dans la base de données: my-low-code
2024-10-21 23:01:28 [INFO]: npm install réussi pour le projet: my-low-code
2024-10-21 23:01:28 [ERROR]: Erreur lors de l'importation du projet: Unexpected token, expected "from" (4:0)
2024-10-21 23:03:34 [INFO]: Git pull réussi pour le projet: my-low-code
2024-10-21 23:03:35 [INFO]: npm install réussi pour le projet: my-low-code
2024-10-21 23:03:35 [ERROR]: Erreur lors de l'importation du projet: Unexpected token, expected "from" (4:0)
2024-10-21 23:03:46 [INFO]: Connected to MongoDB
2024-10-21 23:03:46 [INFO]: Server is running on port 3000
2024-10-21 23:04:04 [INFO]: Fetched list of projects.
2024-10-21 23:04:04 [INFO]: Fetched list of projects.
